[32m[09-09 17:41:08 MainThread @train.py:87][0m algorithm DQN starts
[32m[09-09 17:41:09 MainThread @machine_info.py:86][0m nvidia-smi -L found gpu count: 1
[32m[09-09 17:41:09 MainThread @machine_info.py:86][0m nvidia-smi -L found gpu count: 1
[32m[09-09 17:41:35 MainThread @machine_info.py:86][0m nvidia-smi -L found gpu count: 1
[32m[09-09 17:41:48 MainThread @train.py:69][0m [Train]total_reward: -20, mean_cost: 0.02770238352131169
[32m[09-09 17:42:00 MainThread @train.py:69][0m [Train]total_reward: -19, mean_cost: 0.023558354884353948
[32m[09-09 17:42:15 MainThread @train.py:139][0m eval_agent done, (steps, eval_reward): (928, -19.666666666666668)
[32m[09-09 17:42:27 MainThread @train.py:69][0m [Train]total_reward: -21, mean_cost: 0.02280377269609091
[32m[09-09 17:42:42 MainThread @train.py:69][0m [Train]total_reward: -18, mean_cost: 0.021277789560417985
[32m[09-09 17:42:53 MainThread @train.py:69][0m [Train]total_reward: -20, mean_cost: 0.01981462443230732
[32m[09-09 17:43:03 MainThread @train.py:69][0m [Train]total_reward: -21, mean_cost: 0.017785555837680857
[32m[09-09 17:43:18 MainThread @train.py:69][0m [Train]total_reward: -20, mean_cost: 0.015218746711946887
[32m[09-09 17:43:30 MainThread @train.py:69][0m [Train]total_reward: -19, mean_cost: 0.012973888194141518
[32m[09-09 17:43:44 MainThread @train.py:69][0m [Train]total_reward: -17, mean_cost: 0.010165565303759649
[32m[09-09 17:43:56 MainThread @train.py:69][0m [Train]total_reward: -20, mean_cost: 0.009422239710777781
[32m[09-09 17:44:09 MainThread @train.py:69][0m [Train]total_reward: -20, mean_cost: 0.012423728388734161
[32m[09-09 17:44:21 MainThread @train.py:69][0m [Train]total_reward: -20, mean_cost: 0.008276215621127255
[32m[09-09 17:44:34 MainThread @train.py:69][0m [Train]total_reward: -20, mean_cost: 0.006465640725528306
[32m[09-09 17:44:45 MainThread @train.py:69][0m [Train]total_reward: -21, mean_cost: 0.005570830652141012
[32m[09-09 17:44:57 MainThread @train.py:69][0m [Train]total_reward: -20, mean_cost: 0.00525797594658561
[32m[09-09 17:45:10 MainThread @train.py:69][0m [Train]total_reward: -21, mean_cost: 0.004566813468877858
[32m[09-09 17:45:20 MainThread @train.py:69][0m [Train]total_reward: -21, mean_cost: 0.004085973283223461
[32m[09-09 17:45:31 MainThread @train.py:69][0m [Train]total_reward: -21, mean_cost: 0.0038200580608314287
[32m[09-09 17:45:44 MainThread @train.py:69][0m [Train]total_reward: -20, mean_cost: 0.00407817294775164
[32m[09-09 17:45:56 MainThread @train.py:69][0m [Train]total_reward: -19, mean_cost: 0.0038634009428835494
[32m[09-09 17:46:08 MainThread @train.py:69][0m [Train]total_reward: -21, mean_cost: 0.0037951736881808897
[32m[09-09 17:46:19 MainThread @train.py:69][0m [Train]total_reward: -21, mean_cost: 0.008071516922436564
[32m[09-09 17:46:30 MainThread @train.py:69][0m [Train]total_reward: -21, mean_cost: 0.004349138172811242
[32m[09-09 17:46:40 MainThread @train.py:69][0m [Train]total_reward: -21, mean_cost: 0.003745442322260529
[32m[09-09 17:46:51 MainThread @train.py:69][0m [Train]total_reward: -21, mean_cost: 0.0029358739514410604
[32m[09-09 17:47:04 MainThread @train.py:69][0m [Train]total_reward: -20, mean_cost: 0.0027802212881150577
[32m[09-09 17:47:19 MainThread @train.py:69][0m [Train]total_reward: -18, mean_cost: 0.003019328601022629
[32m[09-09 17:47:30 MainThread @train.py:69][0m [Train]total_reward: -21, mean_cost: 0.0024680714070422164
[32m[09-09 17:47:41 MainThread @train.py:69][0m [Train]total_reward: -21, mean_cost: 0.0021873085987996928
[32m[09-09 17:47:52 MainThread @train.py:69][0m [Train]total_reward: -20, mean_cost: 0.0020579438183255527
[32m[09-09 17:48:06 MainThread @train.py:69][0m [Train]total_reward: -19, mean_cost: 0.002789357212530833
[32m[09-09 17:48:19 MainThread @train.py:69][0m [Train]total_reward: -21, mean_cost: 0.002134363437421719
[32m[09-09 17:48:29 MainThread @train.py:69][0m [Train]total_reward: -21, mean_cost: 0.01123804233939924
[32m[09-09 17:48:41 MainThread @train.py:69][0m [Train]total_reward: -21, mean_cost: 0.0041770185933397075
[32m[09-09 17:48:55 MainThread @train.py:69][0m [Train]total_reward: -20, mean_cost: 0.0031161175941925427
[32m[09-09 17:49:09 MainThread @train.py:69][0m [Train]total_reward: -19, mean_cost: 0.0025207170841491057
[32m[09-09 17:49:24 MainThread @train.py:69][0m [Train]total_reward: -19, mean_cost: 0.002345309622934182
[32m[09-09 17:49:36 MainThread @train.py:69][0m [Train]total_reward: -20, mean_cost: 0.0026235343494595133
[32m[09-09 17:49:50 MainThread @train.py:69][0m [Train]total_reward: -18, mean_cost: 0.0023986003141644903
[32m[09-09 17:50:01 MainThread @train.py:69][0m [Train]total_reward: -20, mean_cost: 0.002508292521370138
[32m[09-09 17:50:12 MainThread @train.py:69][0m [Train]total_reward: -21, mean_cost: 0.0020732921110899025
[32m[09-09 17:50:22 MainThread @train.py:69][0m [Train]total_reward: -21, mean_cost: 0.00209564166846756
[32m[09-09 17:50:32 MainThread @train.py:69][0m [Train]total_reward: -21, mean_cost: 0.0019458622136399662
[32m[09-09 17:50:46 MainThread @train.py:69][0m [Train]total_reward: -20, mean_cost: 0.0076478885300640806
[32m[09-09 17:50:58 MainThread @train.py:69][0m [Train]total_reward: -21, mean_cost: 0.004316962886756907
[32m[09-09 17:51:10 MainThread @train.py:69][0m [Train]total_reward: -20, mean_cost: 0.0038848390874177724
[32m[09-09 17:51:23 MainThread @train.py:69][0m [Train]total_reward: -21, mean_cost: 0.0032505067427695006
[32m[09-09 17:51:36 MainThread @train.py:69][0m [Train]total_reward: -20, mean_cost: 0.0031475297315233957
[32m[09-09 17:51:48 MainThread @train.py:69][0m [Train]total_reward: -20, mean_cost: 0.002988350445732035
[32m[09-09 17:52:00 MainThread @train.py:69][0m [Train]total_reward: -20, mean_cost: 0.002682454575729601
[32m[09-09 17:52:12 MainThread @train.py:69][0m [Train]total_reward: -21, mean_cost: 0.0031371014455656046
[32m[09-09 17:52:23 MainThread @train.py:69][0m [Train]total_reward: -21, mean_cost: 0.0029919808973738952
[32m[09-09 17:52:33 MainThread @train.py:69][0m [Train]total_reward: -21, mean_cost: 0.002406973824765039
[32m[09-09 17:52:44 MainThread @train.py:69][0m [Train]total_reward: -21, mean_cost: 0.0026069294596639406
[32m[09-09 17:52:55 MainThread @train.py:69][0m [Train]total_reward: -21, mean_cost: 0.006056722405669719
[32m[09-09 17:53:08 MainThread @train.py:69][0m [Train]total_reward: -21, mean_cost: 0.005175601741704609
[32m[09-09 17:53:20 MainThread @train.py:69][0m [Train]total_reward: -20, mean_cost: 0.004151705401018262
[32m[09-09 17:53:32 MainThread @train.py:69][0m [Train]total_reward: -20, mean_cost: 0.004042039547560059
[32m[09-09 17:53:42 MainThread @train.py:69][0m [Train]total_reward: -21, mean_cost: 0.003768773985154671
[32m[09-09 17:53:59 MainThread @train.py:69][0m [Train]total_reward: -17, mean_cost: 0.0033408018799188236
[32m[09-09 17:54:11 MainThread @train.py:69][0m [Train]total_reward: -21, mean_cost: 0.00378289875225164
[32m[09-09 17:54:25 MainThread @train.py:69][0m [Train]total_reward: -20, mean_cost: 0.0031730169763924615
[32m[09-09 17:54:40 MainThread @train.py:69][0m [Train]total_reward: -19, mean_cost: 0.0028986054901637276
[32m[09-09 17:54:51 MainThread @train.py:69][0m [Train]total_reward: -20, mean_cost: 0.0031584953047478427
[32m[09-09 17:55:02 MainThread @train.py:69][0m [Train]total_reward: -21, mean_cost: 0.004400005968596597
[32m[09-09 17:55:15 MainThread @train.py:69][0m [Train]total_reward: -20, mean_cost: 0.005215890873473692
[32m[09-09 17:55:28 MainThread @train.py:69][0m [Train]total_reward: -19, mean_cost: 0.003927690249411502
[32m[09-09 17:55:41 MainThread @train.py:69][0m [Train]total_reward: -20, mean_cost: 0.003569605432799071
[32m[09-09 17:55:52 MainThread @train.py:69][0m [Train]total_reward: -21, mean_cost: 0.003239518483645621
[32m[09-09 17:56:03 MainThread @train.py:69][0m [Train]total_reward: -21, mean_cost: 0.0031369692116554474
[32m[09-09 17:56:16 MainThread @train.py:69][0m [Train]total_reward: -20, mean_cost: 0.0031315543284943822
[32m[09-09 17:56:28 MainThread @train.py:69][0m [Train]total_reward: -21, mean_cost: 0.0030384309572320787
[32m[09-09 17:56:42 MainThread @train.py:69][0m [Train]total_reward: -19, mean_cost: 0.003041941344581641
[32m[09-09 17:56:55 MainThread @train.py:69][0m [Train]total_reward: -19, mean_cost: 0.0027239806148175614
[32m[09-09 17:57:06 MainThread @train.py:69][0m [Train]total_reward: -21, mean_cost: 0.002700650198137198
[32m[09-09 17:57:17 MainThread @train.py:69][0m [Train]total_reward: -21, mean_cost: 0.005743074141322224
[32m[09-09 17:57:29 MainThread @train.py:69][0m [Train]total_reward: -21, mean_cost: 0.004735631266266554
[32m[09-09 17:57:40 MainThread @train.py:69][0m [Train]total_reward: -21, mean_cost: 0.004087568986479466
[32m[09-09 17:57:53 MainThread @train.py:69][0m [Train]total_reward: -20, mean_cost: 0.0038805232351561162
[32m[09-09 17:58:04 MainThread @train.py:69][0m [Train]total_reward: -21, mean_cost: 0.0037054869698405993
[32m[09-09 17:58:14 MainThread @train.py:69][0m [Train]total_reward: -21, mean_cost: 0.0033887597246040754
[32m[09-09 17:58:25 MainThread @train.py:69][0m [Train]total_reward: -21, mean_cost: 0.0030785722537628175
[32m[09-09 17:58:36 MainThread @train.py:69][0m [Train]total_reward: -21, mean_cost: 0.0033855744736927857
[32m[09-09 17:58:50 MainThread @train.py:69][0m [Train]total_reward: -19, mean_cost: 0.003271317481047062
[32m[09-09 17:59:04 MainThread @train.py:69][0m [Train]total_reward: -18, mean_cost: 0.003032966251667662
[32m[09-09 17:59:15 MainThread @train.py:69][0m [Train]total_reward: -21, mean_cost: 0.003052408196063797
[32m[09-09 17:59:30 MainThread @train.py:69][0m [Train]total_reward: -19, mean_cost: 0.00508795880431087
[32m[09-09 17:59:43 MainThread @train.py:69][0m [Train]total_reward: -21, mean_cost: 0.005600849773640497
[32m[09-09 17:59:55 MainThread @train.py:69][0m [Train]total_reward: -20, mean_cost: 0.004613582053225708
[32m[09-09 18:00:10 MainThread @train.py:69][0m [Train]total_reward: -20, mean_cost: 0.004128417669353243
[32m[09-09 18:00:22 MainThread @train.py:69][0m [Train]total_reward: -20, mean_cost: 0.0041977983831913215
[32m[09-09 18:00:33 MainThread @train.py:69][0m [Train]total_reward: -21, mean_cost: 0.004076514883205023
[32m[09-09 18:00:43 MainThread @train.py:69][0m [Train]total_reward: -21, mean_cost: 0.003895458956187787
[32m[09-09 18:00:52 MainThread @train.py:69][0m [Train]total_reward: -21, mean_cost: 0.003513814900846531
[32m[09-09 18:01:05 MainThread @train.py:69][0m [Train]total_reward: -19, mean_cost: 0.0038310912077077755
[32m[09-09 18:01:15 MainThread @train.py:69][0m [Train]total_reward: -20, mean_cost: 0.003800605241010019
[32m[09-09 18:01:27 MainThread @train.py:69][0m [Train]total_reward: -20, mean_cost: 0.0033985541256321273
[32m[09-09 18:01:39 MainThread @train.py:69][0m [Train]total_reward: -19, mean_cost: 0.006189043476964192
[32m[09-09 18:01:50 MainThread @train.py:69][0m [Train]total_reward: -20, mean_cost: 0.006040448082653298
[32m[09-09 18:02:02 MainThread @train.py:69][0m [Train]total_reward: -21, mean_cost: 0.005144376032900694
[32m[09-09 18:02:20 MainThread @train.py:69][0m [Train]total_reward: -19, mean_cost: 0.004788726003645779
[32m[09-09 18:02:34 MainThread @train.py:69][0m [Train]total_reward: -20, mean_cost: 0.004483709135179349
[32m[09-09 18:02:47 MainThread @train.py:69][0m [Train]total_reward: -20, mean_cost: 0.004566174120616594
[32m[09-09 18:02:59 MainThread @train.py:69][0m [Train]total_reward: -20, mean_cost: 0.004518227446648959
[32m[09-09 18:03:08 MainThread @train.py:69][0m [Train]total_reward: -21, mean_cost: 0.004404689618508871
[32m[09-09 18:03:19 MainThread @train.py:69][0m [Train]total_reward: -21, mean_cost: 0.004173649968031575
[32m[09-09 18:03:31 MainThread @train.py:69][0m [Train]total_reward: -21, mean_cost: 0.004012949972043503
[32m[09-09 18:03:43 MainThread @train.py:69][0m [Train]total_reward: -20, mean_cost: 0.0039793311375314775
[32m[09-09 18:03:55 MainThread @train.py:69][0m [Train]total_reward: -21, mean_cost: 0.007640070319242562
[32m[09-09 18:04:06 MainThread @train.py:69][0m [Train]total_reward: -21, mean_cost: 0.006079711462371051
[32m[09-09 18:04:18 MainThread @train.py:69][0m [Train]total_reward: -20, mean_cost: 0.005324721251510911
[32m[09-09 18:04:30 MainThread @train.py:69][0m [Train]total_reward: -19, mean_cost: 0.005208631609217777
[32m[09-09 18:04:41 MainThread @train.py:69][0m [Train]total_reward: -20, mean_cost: 0.004962462381697081
[32m[09-09 18:04:53 MainThread @train.py:69][0m [Train]total_reward: -20, mean_cost: 0.00446841806348987
[32m[09-09 18:05:04 MainThread @train.py:69][0m [Train]total_reward: -21, mean_cost: 0.004453844447268469
[32m[09-09 18:05:14 MainThread @train.py:69][0m [Train]total_reward: -21, mean_cost: 0.004701530387768
[32m[09-09 18:05:27 MainThread @train.py:69][0m [Train]total_reward: -20, mean_cost: 0.004427003801690535
[32m[09-09 18:05:37 MainThread @train.py:69][0m [Train]total_reward: -21, mean_cost: 0.004246895456453785
[32m[09-09 18:05:50 MainThread @train.py:69][0m [Train]total_reward: -19, mean_cost: 0.0042128846347623036
[32m[09-09 18:06:02 MainThread @train.py:69][0m [Train]total_reward: -20, mean_cost: 0.006195243327446016
[32m[09-09 18:06:15 MainThread @train.py:69][0m [Train]total_reward: -21, mean_cost: 0.006062140799215518
[32m[09-09 18:06:26 MainThread @train.py:69][0m [Train]total_reward: -20, mean_cost: 0.0051230174554295314
[32m[09-09 18:06:40 MainThread @train.py:69][0m [Train]total_reward: -20, mean_cost: 0.005390597624711752
[32m[09-09 18:06:52 MainThread @train.py:69][0m [Train]total_reward: -21, mean_cost: 0.004971133996517311
[32m[09-09 18:07:02 MainThread @train.py:69][0m [Train]total_reward: -21, mean_cost: 0.00453589681428146
[32m[09-09 18:07:14 MainThread @train.py:69][0m [Train]total_reward: -21, mean_cost: 0.004682872225353891
[32m[09-09 18:07:25 MainThread @train.py:69][0m [Train]total_reward: -21, mean_cost: 0.004472280679552709
[32m[09-09 18:07:37 MainThread @train.py:69][0m [Train]total_reward: -20, mean_cost: 0.004393336777115917
[32m[09-09 18:07:49 MainThread @train.py:69][0m [Train]total_reward: -20, mean_cost: 0.004382024955943473
[32m[09-09 18:08:02 MainThread @train.py:69][0m [Train]total_reward: -20, mean_cost: 0.00412667440398207
[32m[09-09 18:08:14 MainThread @train.py:69][0m [Train]total_reward: -20, mean_cost: 0.006143620820898723
[32m[09-09 18:08:26 MainThread @train.py:69][0m [Train]total_reward: -19, mean_cost: 0.00556307031687005
[32m[09-09 18:08:39 MainThread @train.py:69][0m [Train]total_reward: -19, mean_cost: 0.005208734008311828
[32m[09-09 18:08:53 MainThread @train.py:69][0m [Train]total_reward: -21, mean_cost: 0.004805112077685242
[32m[09-09 18:09:07 MainThread @train.py:69][0m [Train]total_reward: -21, mean_cost: 0.004822392186598621
[32m[09-09 18:09:21 MainThread @train.py:69][0m [Train]total_reward: -18, mean_cost: 0.0045171714554903385
[32m[09-09 18:09:33 MainThread @train.py:69][0m [Train]total_reward: -21, mean_cost: 0.004474179894896224
[32m[09-09 18:09:49 MainThread @train.py:69][0m [Train]total_reward: -19, mean_cost: 0.004540664924372157
[32m[09-09 18:10:00 MainThread @train.py:69][0m [Train]total_reward: -21, mean_cost: 0.004573053943334214
[32m[09-09 18:10:11 MainThread @train.py:69][0m [Train]total_reward: -21, mean_cost: 0.004094960575181797
[32m[09-09 18:10:25 MainThread @train.py:69][0m [Train]total_reward: -20, mean_cost: 0.005682101264204039
[32m[09-09 18:10:36 MainThread @train.py:69][0m [Train]total_reward: -21, mean_cost: 0.005252091027564596
[32m[09-09 18:10:47 MainThread @train.py:69][0m [Train]total_reward: -21, mean_cost: 0.00484461440728643
[32m[09-09 18:10:58 MainThread @train.py:69][0m [Train]total_reward: -21, mean_cost: 0.004864569527392343
[32m[09-09 18:11:11 MainThread @train.py:69][0m [Train]total_reward: -20, mean_cost: 0.004196894147333158
[32m[09-09 18:11:24 MainThread @train.py:69][0m [Train]total_reward: -21, mean_cost: 0.0044511601223637615
[32m[09-09 18:11:41 MainThread @train.py:69][0m [Train]total_reward: -18, mean_cost: 0.004282680229571786
[32m[09-09 18:11:56 MainThread @train.py:69][0m [Train]total_reward: -20, mean_cost: 0.004276574628568406
[32m[09-09 18:12:09 MainThread @train.py:69][0m [Train]total_reward: -19, mean_cost: 0.004420359931318971
[32m[09-09 18:12:24 MainThread @train.py:69][0m [Train]total_reward: -20, mean_cost: 0.004020561539223204
[32m[09-09 18:12:36 MainThread @train.py:69][0m [Train]total_reward: -21, mean_cost: 0.004201306766764451
[32m[09-09 18:12:53 MainThread @train.py:69][0m [Train]total_reward: -17, mean_cost: 0.005973247471836589
[32m[09-09 18:13:08 MainThread @train.py:69][0m [Train]total_reward: -21, mean_cost: 0.00462832864240629
[32m[09-09 18:13:21 MainThread @train.py:69][0m [Train]total_reward: -20, mean_cost: 0.0046681656997074146
[32m[09-09 18:13:33 MainThread @train.py:69][0m [Train]total_reward: -21, mean_cost: 0.0044087311012972665
[32m[09-09 18:13:45 MainThread @train.py:69][0m [Train]total_reward: -20, mean_cost: 0.0043961850164190835
[32m[09-09 18:14:01 MainThread @train.py:69][0m [Train]total_reward: -21, mean_cost: 0.0040236299729971715
[32m[09-09 18:14:17 MainThread @train.py:69][0m [Train]total_reward: -20, mean_cost: 0.004145983650666127
[32m[09-09 18:14:32 MainThread @train.py:69][0m [Train]total_reward: -21, mean_cost: 0.004224037239548719
[32m[09-09 18:14:52 MainThread @train.py:69][0m [Train]total_reward: -18, mean_cost: 0.0038609224100486913
[32m[09-09 18:15:07 MainThread @train.py:69][0m [Train]total_reward: -21, mean_cost: 0.004776514944366737
[32m[09-09 18:15:22 MainThread @train.py:69][0m [Train]total_reward: -19, mean_cost: 0.005953561016466729
[32m[09-09 18:15:39 MainThread @train.py:69][0m [Train]total_reward: -19, mean_cost: 0.004781848735589262
[32m[09-09 18:15:51 MainThread @train.py:69][0m [Train]total_reward: -20, mean_cost: 0.004628648538238498
[32m[09-09 18:16:02 MainThread @train.py:69][0m [Train]total_reward: -21, mean_cost: 0.004613884623026157
[32m[09-09 18:16:15 MainThread @train.py:69][0m [Train]total_reward: -21, mean_cost: 0.004416214741248605
[32m[09-09 18:16:27 MainThread @train.py:69][0m [Train]total_reward: -21, mean_cost: 0.004496768847400067
[32m[09-09 18:16:39 MainThread @train.py:69][0m [Train]total_reward: -19, mean_cost: 0.004102640411548732
[32m[09-09 18:16:52 MainThread @train.py:69][0m [Train]total_reward: -20, mean_cost: 0.004140496423475787
[32m[09-09 18:17:07 MainThread @train.py:69][0m [Train]total_reward: -20, mean_cost: 0.004028953675651307
[32m[09-09 18:17:20 MainThread @train.py:69][0m [Train]total_reward: -20, mean_cost: 0.004197902050473504
[32m[09-09 18:17:35 MainThread @train.py:69][0m [Train]total_reward: -21, mean_cost: 0.006408396226010825
[32m[09-09 18:17:47 MainThread @train.py:69][0m [Train]total_reward: -21, mean_cost: 0.005253281129617669
[32m[09-09 18:18:01 MainThread @train.py:69][0m [Train]total_reward: -20, mean_cost: 0.004847519998526517
[32m[09-09 18:18:13 MainThread @train.py:69][0m [Train]total_reward: -20, mean_cost: 0.00447327582974379
[32m[09-09 18:18:25 MainThread @train.py:69][0m [Train]total_reward: -21, mean_cost: 0.0048420632214788185
[32m[09-09 18:18:39 MainThread @train.py:69][0m [Train]total_reward: -21, mean_cost: 0.004730391997232366
[32m[09-09 18:18:55 MainThread @train.py:69][0m [Train]total_reward: -18, mean_cost: 0.004643567557769274
[32m[09-09 18:19:09 MainThread @train.py:69][0m [Train]total_reward: -20, mean_cost: 0.004478283474103562
[32m[09-09 18:19:22 MainThread @train.py:69][0m [Train]total_reward: -20, mean_cost: 0.004316348362610572
[32m[09-09 18:19:36 MainThread @train.py:69][0m [Train]total_reward: -20, mean_cost: 0.0043653332739742295
[32m[09-09 18:19:49 MainThread @train.py:69][0m [Train]total_reward: -21, mean_cost: 0.006960622399234243
[32m[09-09 18:20:05 MainThread @train.py:69][0m [Train]total_reward: -20, mean_cost: 0.0054911747508519905
[32m[09-09 18:20:17 MainThread @train.py:69][0m [Train]total_reward: -21, mean_cost: 0.0056186487923401435
[32m[09-09 18:20:36 MainThread @train.py:69][0m [Train]total_reward: -16, mean_cost: 0.0055177283692447576
[32m[09-09 18:20:49 MainThread @train.py:69][0m [Train]total_reward: -21, mean_cost: 0.00534872011371316
[32m[09-09 18:21:00 MainThread @train.py:69][0m [Train]total_reward: -21, mean_cost: 0.005279600970703653
[32m[09-09 18:21:15 MainThread @train.py:69][0m [Train]total_reward: -19, mean_cost: 0.005423210514881184
[32m[09-09 18:21:28 MainThread @train.py:69][0m [Train]total_reward: -20, mean_cost: 0.005273178807229864
[32m[09-09 18:21:41 MainThread @train.py:69][0m [Train]total_reward: -21, mean_cost: 0.005295280014168999
[32m[09-09 18:21:53 MainThread @train.py:69][0m [Train]total_reward: -21, mean_cost: 0.005345165333926195
[32m[09-09 18:22:07 MainThread @train.py:69][0m [Train]total_reward: -18, mean_cost: 0.007091904570267577
[32m[09-09 18:22:23 MainThread @train.py:69][0m [Train]total_reward: -19, mean_cost: 0.0060443598508405
[32m[09-09 18:22:36 MainThread @train.py:69][0m [Train]total_reward: -20, mean_cost: 0.005701035288661593
[32m[09-09 18:22:52 MainThread @train.py:69][0m [Train]total_reward: -19, mean_cost: 0.00584943477276778
[32m[09-09 18:23:07 MainThread @train.py:69][0m [Train]total_reward: -19, mean_cost: 0.005429892676289786
[32m[09-09 18:23:21 MainThread @train.py:69][0m [Train]total_reward: -19, mean_cost: 0.0055694224948596785
[32m[09-09 18:23:36 MainThread @train.py:69][0m [Train]total_reward: -18, mean_cost: 0.005653855134565517
[32m[09-09 18:23:53 MainThread @train.py:69][0m [Train]total_reward: -19, mean_cost: 0.005361468693657036
[32m[09-09 18:24:06 MainThread @train.py:69][0m [Train]total_reward: -21, mean_cost: 0.00513579254239348
[32m[09-09 18:24:23 MainThread @train.py:69][0m [Train]total_reward: -18, mean_cost: 0.0077079920833598835
[32m[09-09 18:24:37 MainThread @train.py:69][0m [Train]total_reward: -20, mean_cost: 0.0079061259602895
[32m[09-09 18:24:52 MainThread @train.py:69][0m [Train]total_reward: -20, mean_cost: 0.007278389786622262
[32m[09-09 18:25:03 MainThread @train.py:69][0m [Train]total_reward: -21, mean_cost: 0.00716138571591639
[32m[09-09 18:25:16 MainThread @train.py:69][0m [Train]total_reward: -21, mean_cost: 0.007193631656966254
[32m[09-09 18:25:32 MainThread @train.py:69][0m [Train]total_reward: -19, mean_cost: 0.006959495861365488
[32m[09-09 18:25:45 MainThread @train.py:69][0m [Train]total_reward: -20, mean_cost: 0.007285822781885409
[32m[09-09 18:26:02 MainThread @train.py:69][0m [Train]total_reward: -17, mean_cost: 0.006785327512206453
[32m[09-09 18:26:15 MainThread @train.py:69][0m [Train]total_reward: -20, mean_cost: 0.006844255025023405
[32m[09-09 18:26:31 MainThread @train.py:69][0m [Train]total_reward: -19, mean_cost: 0.007570962091824767
[32m[09-09 18:26:44 MainThread @train.py:69][0m [Train]total_reward: -21, mean_cost: 0.011452520500946169
[32m[09-09 18:27:12 MainThread @train.py:139][0m eval_agent done, (steps, eval_reward): (200368, -14.0)
[32m[09-09 18:27:24 MainThread @train.py:69][0m [Train]total_reward: -20, mean_cost: 0.010467555166247327
[32m[09-09 18:27:37 MainThread @train.py:69][0m [Train]total_reward: -20, mean_cost: 0.010651575903199158
[32m[09-09 18:27:52 MainThread @train.py:69][0m [Train]total_reward: -21, mean_cost: 0.009946553627742105
[32m[09-09 18:28:04 MainThread @train.py:69][0m [Train]total_reward: -21, mean_cost: 0.01016857673595142
[32m[09-09 18:28:18 MainThread @train.py:69][0m [Train]total_reward: -21, mean_cost: 0.00993234543019803
[32m[09-09 18:28:30 MainThread @train.py:69][0m [Train]total_reward: -21, mean_cost: 0.009741541704257813
[32m[09-09 18:28:46 MainThread @train.py:69][0m [Train]total_reward: -19, mean_cost: 0.009346199074260346
[32m[09-09 18:29:00 MainThread @train.py:69][0m [Train]total_reward: -19, mean_cost: 0.009476766499279723
[32m[09-09 18:29:12 MainThread @train.py:69][0m [Train]total_reward: -21, mean_cost: 0.009725361186105551
[32m[09-09 18:29:28 MainThread @train.py:69][0m [Train]total_reward: -18, mean_cost: 0.010236124413670441
[32m[09-09 18:29:47 MainThread @train.py:69][0m [Train]total_reward: -19, mean_cost: 0.009337682913367947
[32m[09-09 18:30:02 MainThread @train.py:69][0m [Train]total_reward: -19, mean_cost: 0.009049650037195534
[32m[09-09 18:30:16 MainThread @train.py:69][0m [Train]total_reward: -21, mean_cost: 0.008958453036602733
[32m[09-09 18:30:28 MainThread @train.py:69][0m [Train]total_reward: -19, mean_cost: 0.008582724550363133
[32m[09-09 18:30:44 MainThread @train.py:69][0m [Train]total_reward: -19, mean_cost: 0.008698202368124562
[32m[09-09 18:30:58 MainThread @train.py:69][0m [Train]total_reward: -21, mean_cost: 0.008913603438959113
[32m[09-09 18:31:11 MainThread @train.py:69][0m [Train]total_reward: -21, mean_cost: 0.008657057104366166
[32m[09-09 18:31:26 MainThread @train.py:69][0m [Train]total_reward: -19, mean_cost: 0.008554961439593143
[32m[09-09 18:31:41 MainThread @train.py:69][0m [Train]total_reward: -21, mean_cost: 0.008741072323018708
[32m[09-09 18:31:54 MainThread @train.py:69][0m [Train]total_reward: -20, mean_cost: 0.00873564385230942
[32m[09-09 18:32:08 MainThread @train.py:69][0m [Train]total_reward: -19, mean_cost: 0.008096449779231072
[32m[09-09 18:32:22 MainThread @train.py:69][0m [Train]total_reward: -20, mean_cost: 0.008164697935254399
[32m[09-09 18:32:36 MainThread @train.py:69][0m [Train]total_reward: -18, mean_cost: 0.00810311231423508
[32m[09-09 18:32:50 MainThread @train.py:69][0m [Train]total_reward: -20, mean_cost: 0.007851376533859743
[32m[09-09 18:33:05 MainThread @train.py:69][0m [Train]total_reward: -20, mean_cost: 0.007826260240424586
[32m[09-09 18:33:21 MainThread @train.py:69][0m [Train]total_reward: -19, mean_cost: 0.007724676049988845
[32m[09-09 18:33:34 MainThread @train.py:69][0m [Train]total_reward: -21, mean_cost: 0.007843189593991499
[32m[09-09 18:33:51 MainThread @train.py:69][0m [Train]total_reward: -19, mean_cost: 0.00771430075220862
[32m[09-09 18:34:05 MainThread @train.py:69][0m [Train]total_reward: -21, mean_cost: 0.008523809545662966
[32m[09-09 18:34:20 MainThread @train.py:69][0m [Train]total_reward: -20, mean_cost: 0.008023713337024674
[32m[09-09 18:34:30 MainThread @train.py:69][0m [Train]total_reward: -21, mean_cost: 0.007855560498214082
[32m[09-09 18:34:46 MainThread @train.py:69][0m [Train]total_reward: -20, mean_cost: 0.007455519825392931
[32m[09-09 18:35:01 MainThread @train.py:69][0m [Train]total_reward: -19, mean_cost: 0.007110085262377795
[32m[09-09 18:35:15 MainThread @train.py:69][0m [Train]total_reward: -20, mean_cost: 0.007544103292712785
[32m[09-09 18:35:30 MainThread @train.py:69][0m [Train]total_reward: -19, mean_cost: 0.007318206317722798
[32m[09-09 18:35:44 MainThread @train.py:69][0m [Train]total_reward: -20, mean_cost: 0.0071262808757767615
[32m[09-09 18:35:56 MainThread @train.py:69][0m [Train]total_reward: -21, mean_cost: 0.007601103924010715
[32m[09-09 18:36:08 MainThread @train.py:69][0m [Train]total_reward: -21, mean_cost: 0.007553989525408821
[32m[09-09 18:36:22 MainThread @train.py:69][0m [Train]total_reward: -20, mean_cost: 0.008556234846622044
[32m[09-09 18:36:39 MainThread @train.py:69][0m [Train]total_reward: -18, mean_cost: 0.008032474963415769
[32m[09-09 18:36:56 MainThread @train.py:69][0m [Train]total_reward: -19, mean_cost: 0.00789396407314773
[32m[09-09 18:37:07 MainThread @train.py:69][0m [Train]total_reward: -21, mean_cost: 0.00823392552168419
[32m[09-09 18:37:27 MainThread @train.py:69][0m [Train]total_reward: -17, mean_cost: 0.007614322024369789
[32m[09-09 18:37:41 MainThread @train.py:69][0m [Train]total_reward: -21, mean_cost: 0.007678274659977088
[32m[09-09 18:37:52 MainThread @train.py:69][0m [Train]total_reward: -21, mean_cost: 0.00753868572997669
[32m[09-09 18:38:08 MainThread @train.py:69][0m [Train]total_reward: -19, mean_cost: 0.007572107817637316
[32m[09-09 18:38:24 MainThread @train.py:69][0m [Train]total_reward: -20, mean_cost: 0.008141730214403354
[32m[09-09 18:38:39 MainThread @train.py:69][0m [Train]total_reward: -21, mean_cost: 0.008119602079855535
[32m[09-09 18:38:59 MainThread @train.py:69][0m [Train]total_reward: -19, mean_cost: 0.008072233054665113
[32m[09-09 18:39:13 MainThread @train.py:69][0m [Train]total_reward: -21, mean_cost: 0.007949508359577535
[32m[09-09 18:39:25 MainThread @train.py:69][0m [Train]total_reward: -21, mean_cost: 0.007888848219193856
[32m[09-09 18:39:38 MainThread @train.py:69][0m [Train]total_reward: -21, mean_cost: 0.0077477121906664205
[32m[09-09 18:39:55 MainThread @train.py:69][0m [Train]total_reward: -19, mean_cost: 0.007855284659173463
[32m[09-09 18:40:08 MainThread @train.py:69][0m [Train]total_reward: -20, mean_cost: 0.0075900892419938715
[32m[09-09 18:40:25 MainThread @train.py:69][0m [Train]total_reward: -17, mean_cost: 0.007476942905134731
[32m[09-09 18:40:39 MainThread @train.py:69][0m [Train]total_reward: -20, mean_cost: 0.00782771809132431
[32m[09-09 18:40:56 MainThread @train.py:69][0m [Train]total_reward: -20, mean_cost: 0.008203048535555906
[32m[09-09 18:41:15 MainThread @train.py:69][0m [Train]total_reward: -16, mean_cost: 0.007768888773001666
[32m[09-09 18:41:30 MainThread @train.py:69][0m [Train]total_reward: -19, mean_cost: 0.007488178464377092
[32m[09-09 18:41:47 MainThread @train.py:69][0m [Train]total_reward: -21, mean_cost: 0.007655081682531989
[32m[09-09 18:41:59 MainThread @train.py:69][0m [Train]total_reward: -21, mean_cost: 0.007272222345276231
[32m[09-09 18:42:16 MainThread @train.py:69][0m [Train]total_reward: -18, mean_cost: 0.007448570648340876
[32m[09-09 18:42:33 MainThread @train.py:69][0m [Train]total_reward: -17, mean_cost: 0.007357577982796386
[32m[09-09 18:42:49 MainThread @train.py:69][0m [Train]total_reward: -19, mean_cost: 0.007335027899696595
[32m[09-09 18:43:07 MainThread @train.py:69][0m [Train]total_reward: -19, mean_cost: 0.007869451141078317
[32m[09-09 18:43:24 MainThread @train.py:69][0m [Train]total_reward: -18, mean_cost: 0.0075369053758471815
[32m[09-09 18:43:40 MainThread @train.py:69][0m [Train]total_reward: -19, mean_cost: 0.007251981371950548
[32m[09-09 18:43:56 MainThread @train.py:69][0m [Train]total_reward: -21, mean_cost: 0.007408126758537807
[32m[09-09 18:44:15 MainThread @train.py:69][0m [Train]total_reward: -19, mean_cost: 0.007361462082347868
[32m[09-09 18:44:32 MainThread @train.py:69][0m [Train]total_reward: -19, mean_cost: 0.007313295872425478
[32m[09-09 18:44:45 MainThread @train.py:69][0m [Train]total_reward: -20, mean_cost: 0.00729727212743346
[32m[09-09 18:44:58 MainThread @train.py:69][0m [Train]total_reward: -20, mean_cost: 0.007040761157986708
[32m[09-09 18:45:21 MainThread @train.py:69][0m [Train]total_reward: -20, mean_cost: 0.007858681489768274
[32m[09-09 18:45:35 MainThread @train.py:69][0m [Train]total_reward: -20, mean_cost: 0.008307909425728175
[32m[09-09 18:45:50 MainThread @train.py:69][0m [Train]total_reward: -19, mean_cost: 0.00842621694621546
[32m[09-09 18:46:03 MainThread @train.py:69][0m [Train]total_reward: -21, mean_cost: 0.008181817985878134
[32m[09-09 18:46:18 MainThread @train.py:69][0m [Train]total_reward: -20, mean_cost: 0.008027835800927485
[32m[09-09 18:46:38 MainThread @train.py:69][0m [Train]total_reward: -16, mean_cost: 0.00792251532003584
[32m[09-09 18:46:54 MainThread @train.py:69][0m [Train]total_reward: -18, mean_cost: 0.007969932585914894
[32m[09-09 18:47:13 MainThread @train.py:69][0m [Train]total_reward: -18, mean_cost: 0.007601187409924212
[32m[09-09 18:47:27 MainThread @train.py:69][0m [Train]total_reward: -20, mean_cost: 0.008156412738474755
[32m[09-09 18:47:43 MainThread @train.py:69][0m [Train]total_reward: -19, mean_cost: 0.009196665607496948
[32m[09-09 18:47:58 MainThread @train.py:69][0m [Train]total_reward: -21, mean_cost: 0.008544020853803095
[32m[09-09 18:48:17 MainThread @train.py:69][0m [Train]total_reward: -19, mean_cost: 0.00847641306102706
[32m[09-09 18:48:33 MainThread @train.py:69][0m [Train]total_reward: -21, mean_cost: 0.008610317886582222
[32m[09-09 18:48:51 MainThread @train.py:69][0m [Train]total_reward: -19, mean_cost: 0.00856730507278919
[32m[09-09 18:49:08 MainThread @train.py:69][0m [Train]total_reward: -19, mean_cost: 0.008308266066927212
[32m[09-09 18:49:25 MainThread @train.py:69][0m [Train]total_reward: -20, mean_cost: 0.00854385362842303
[32m[09-09 18:49:40 MainThread @train.py:69][0m [Train]total_reward: -20, mean_cost: 0.00826507839265951
[32m[09-09 18:49:55 MainThread @train.py:69][0m [Train]total_reward: -20, mean_cost: 0.009385912704171353
[32m[09-09 18:50:10 MainThread @train.py:69][0m [Train]total_reward: -20, mean_cost: 0.009465430386794302
[32m[09-09 18:50:26 MainThread @train.py:69][0m [Train]total_reward: -19, mean_cost: 0.00923674963026618
[32m[09-09 18:50:44 MainThread @train.py:69][0m [Train]total_reward: -20, mean_cost: 0.009269052499476292
[32m[09-09 18:51:00 MainThread @train.py:69][0m [Train]total_reward: -20, mean_cost: 0.009276030257239307
[32m[09-09 18:51:17 MainThread @train.py:69][0m [Train]total_reward: -20, mean_cost: 0.009164085789660738
[32m[09-09 18:51:35 MainThread @train.py:69][0m [Train]total_reward: -19, mean_cost: 0.009130790413408226
[32m[09-09 18:51:47 MainThread @train.py:69][0m [Train]total_reward: -19, mean_cost: 0.008702505296257474
[32m[09-09 18:52:04 MainThread @train.py:69][0m [Train]total_reward: -20, mean_cost: 0.00915841559293901
[32m[09-09 18:52:19 MainThread @train.py:69][0m [Train]total_reward: -20, mean_cost: 0.009741351616750927
[32m[09-09 18:52:35 MainThread @train.py:69][0m [Train]total_reward: -17, mean_cost: 0.009957772276805759
[32m[09-09 18:52:52 MainThread @train.py:69][0m [Train]total_reward: -20, mean_cost: 0.009611542728855877
[32m[09-09 18:53:07 MainThread @train.py:69][0m [Train]total_reward: -20, mean_cost: 0.009598033947965308
[32m[09-09 18:53:24 MainThread @train.py:69][0m [Train]total_reward: -20, mean_cost: 0.009563125061617555
[32m[09-09 18:53:40 MainThread @train.py:69][0m [Train]total_reward: -18, mean_cost: 0.009473793703465615
[32m[09-09 18:53:52 MainThread @train.py:69][0m [Train]total_reward: -21, mean_cost: 0.009505270567972885
[32m[09-09 18:54:09 MainThread @train.py:69][0m [Train]total_reward: -20, mean_cost: 0.009364907715649056
[32m[09-09 18:54:32 MainThread @train.py:69][0m [Train]total_reward: -19, mean_cost: 0.009318196792413554
[32m[09-09 18:54:48 MainThread @train.py:69][0m [Train]total_reward: -21, mean_cost: 0.009761556738884443
[32m[09-09 18:55:05 MainThread @train.py:69][0m [Train]total_reward: -17, mean_cost: 0.008737984770626019
[32m[09-09 18:55:25 MainThread @train.py:69][0m [Train]total_reward: -18, mean_cost: 0.009311731478464666
[32m[09-09 18:55:41 MainThread @train.py:69][0m [Train]total_reward: -19, mean_cost: 0.00893401474755068
[32m[09-09 18:55:55 MainThread @train.py:69][0m [Train]total_reward: -21, mean_cost: 0.008883622147381132
[32m[09-09 18:56:12 MainThread @train.py:69][0m [Train]total_reward: -19, mean_cost: 0.008808291656739683
[32m[09-09 18:56:29 MainThread @train.py:69][0m [Train]total_reward: -19, mean_cost: 0.008842910344815224
[32m[09-09 18:56:44 MainThread @train.py:69][0m [Train]total_reward: -21, mean_cost: 0.008750885695355683
[32m[09-09 18:56:59 MainThread @train.py:69][0m [Train]total_reward: -19, mean_cost: 0.00966237337318621
[32m[09-09 18:57:16 MainThread @train.py:69][0m [Train]total_reward: -20, mean_cost: 0.009556027390030914
[32m[09-09 18:57:31 MainThread @train.py:69][0m [Train]total_reward: -20, mean_cost: 0.008888641888254577
[32m[09-09 18:57:48 MainThread @train.py:69][0m [Train]total_reward: -17, mean_cost: 0.009864987293112333
[32m[09-09 18:58:05 MainThread @train.py:69][0m [Train]total_reward: -20, mean_cost: 0.009007534764542365
[32m[09-09 18:58:21 MainThread @train.py:69][0m [Train]total_reward: -19, mean_cost: 0.009089363258731612
[32m[09-09 18:58:41 MainThread @train.py:69][0m [Train]total_reward: -19, mean_cost: 0.008938715766749017
[32m[09-09 18:58:58 MainThread @train.py:69][0m [Train]total_reward: -19, mean_cost: 0.008913622127794143
[32m[09-09 18:59:17 MainThread @train.py:69][0m [Train]total_reward: -19, mean_cost: 0.009090552310903319
[32m[09-09 18:59:33 MainThread @train.py:69][0m [Train]total_reward: -19, mean_cost: 0.009800150547074886
[32m[09-09 18:59:48 MainThread @train.py:69][0m [Train]total_reward: -21, mean_cost: 0.009482081070277294
[32m[09-09 19:00:03 MainThread @train.py:69][0m [Train]total_reward: -19, mean_cost: 0.00934300859786432
[32m[09-09 19:00:21 MainThread @train.py:69][0m [Train]total_reward: -20, mean_cost: 0.00951888552160149
[32m[09-09 19:00:36 MainThread @train.py:69][0m [Train]total_reward: -19, mean_cost: 0.009347090562908632
[32m[09-09 19:00:51 MainThread @train.py:69][0m [Train]total_reward: -19, mean_cost: 0.009121337222030103
[32m[09-09 19:01:12 MainThread @train.py:69][0m [Train]total_reward: -19, mean_cost: 0.009320267815786154
[32m[09-09 19:01:30 MainThread @train.py:69][0m [Train]total_reward: -19, mean_cost: 0.009038897449590312
[32m[09-09 19:01:46 MainThread @train.py:69][0m [Train]total_reward: -18, mean_cost: 0.01040471616158213
[32m[09-09 19:02:05 MainThread @train.py:69][0m [Train]total_reward: -19, mean_cost: 0.009916549174125645
[32m[09-09 19:02:20 MainThread @train.py:69][0m [Train]total_reward: -19, mean_cost: 0.01061787177717804
[32m[09-09 19:02:42 MainThread @train.py:69][0m [Train]total_reward: -16, mean_cost: 0.00961929524896621
[32m[09-09 19:02:59 MainThread @train.py:69][0m [Train]total_reward: -18, mean_cost: 0.009788958435378279
[32m[09-09 19:03:18 MainThread @train.py:69][0m [Train]total_reward: -18, mean_cost: 0.009418595709067942
[32m[09-09 19:03:36 MainThread @train.py:69][0m [Train]total_reward: -20, mean_cost: 0.00925638254322
[32m[09-09 19:03:56 MainThread @train.py:69][0m [Train]total_reward: -15, mean_cost: 0.010732026712192014
[32m[09-09 19:04:13 MainThread @train.py:69][0m [Train]total_reward: -18, mean_cost: 0.010889921027424348
[32m[09-09 19:04:31 MainThread @train.py:69][0m [Train]total_reward: -19, mean_cost: 0.010990415760872577
[32m[09-09 19:04:47 MainThread @train.py:69][0m [Train]total_reward: -19, mean_cost: 0.010773985038201013
[32m[09-09 19:05:05 MainThread @train.py:69][0m [Train]total_reward: -19, mean_cost: 0.010611228034986335
[32m[09-09 19:05:24 MainThread @train.py:69][0m [Train]total_reward: -17, mean_cost: 0.010424547595232295
[32m[09-09 19:05:41 MainThread @train.py:69][0m [Train]total_reward: -19, mean_cost: 0.010325517448873375
[32m[09-09 19:05:58 MainThread @train.py:69][0m [Train]total_reward: -19, mean_cost: 0.01040376199793721
[32m[09-09 19:06:13 MainThread @train.py:69][0m [Train]total_reward: -18, mean_cost: 0.010891630379150488
[32m[09-09 19:06:31 MainThread @train.py:69][0m [Train]total_reward: -21, mean_cost: 0.010003118127595955
[32m[09-09 19:06:49 MainThread @train.py:69][0m [Train]total_reward: -16, mean_cost: 0.010037122040563179
[32m[09-09 19:07:06 MainThread @train.py:69][0m [Train]total_reward: -18, mean_cost: 0.01007324722226391
[32m[09-09 19:07:27 MainThread @train.py:69][0m [Train]total_reward: -17, mean_cost: 0.00996725931811532
[32m[09-09 19:07:43 MainThread @train.py:69][0m [Train]total_reward: -19, mean_cost: 0.009565698727965356
[32m[09-09 19:08:00 MainThread @train.py:69][0m [Train]total_reward: -19, mean_cost: 0.00937217340916154
[32m[09-09 19:08:19 MainThread @train.py:69][0m [Train]total_reward: -17, mean_cost: 0.010261660698922299
[32m[09-09 19:08:40 MainThread @train.py:69][0m [Train]total_reward: -18, mean_cost: 0.010769026385961637
[32m[09-09 19:08:57 MainThread @train.py:69][0m [Train]total_reward: -19, mean_cost: 0.01068254067205715
[32m[09-09 19:09:16 MainThread @train.py:69][0m [Train]total_reward: -18, mean_cost: 0.01021141167897899
[32m[09-09 19:09:36 MainThread @train.py:69][0m [Train]total_reward: -18, mean_cost: 0.010643778507152112
[32m[09-09 19:09:57 MainThread @train.py:69][0m [Train]total_reward: -18, mean_cost: 0.010487226612406643
[32m[09-09 19:10:18 MainThread @train.py:69][0m [Train]total_reward: -19, mean_cost: 0.009589644833049329
[32m[09-09 19:10:38 MainThread @train.py:69][0m [Train]total_reward: -17, mean_cost: 0.010426571926325767
[32m[09-09 19:10:55 MainThread @train.py:69][0m [Train]total_reward: -19, mean_cost: 0.010339207809819426
[32m[09-09 19:11:12 MainThread @train.py:69][0m [Train]total_reward: -19, mean_cost: 0.01019799820543896
[32m[09-09 19:11:30 MainThread @train.py:69][0m [Train]total_reward: -19, mean_cost: 0.010391595809552703
[32m[09-09 19:11:46 MainThread @train.py:69][0m [Train]total_reward: -20, mean_cost: 0.009844218674677272
[32m[09-09 19:12:02 MainThread @train.py:69][0m [Train]total_reward: -19, mean_cost: 0.0099502100339194
[32m[09-09 19:12:25 MainThread @train.py:69][0m [Train]total_reward: -16, mean_cost: 0.010331720686920079
[32m[09-09 19:12:52 MainThread @train.py:69][0m [Train]total_reward: -12, mean_cost: 0.009631214140624941
[32m[09-09 19:13:10 MainThread @train.py:69][0m [Train]total_reward: -19, mean_cost: 0.010945475716143847
[32m[09-09 19:13:44 MainThread @train.py:139][0m eval_agent done, (steps, eval_reward): (400381, -13.666666666666666)
[32m[09-09 19:14:03 MainThread @train.py:69][0m [Train]total_reward: -21, mean_cost: 0.011279507071567165
[32m[09-09 19:14:25 MainThread @train.py:69][0m [Train]total_reward: -15, mean_cost: 0.011050913829470764
[32m[09-09 19:14:47 MainThread @train.py:69][0m [Train]total_reward: -18, mean_cost: 0.011188390581176067
[32m[09-09 19:15:04 MainThread @train.py:69][0m [Train]total_reward: -19, mean_cost: 0.010769557944026736
[32m[09-09 19:15:28 MainThread @train.py:69][0m [Train]total_reward: -15, mean_cost: 0.010352621280025084
[32m[09-09 19:15:50 MainThread @train.py:69][0m [Train]total_reward: -16, mean_cost: 0.010331005929893474
[32m[09-09 19:16:07 MainThread @train.py:69][0m [Train]total_reward: -20, mean_cost: 0.011712779946701259
[32m[09-09 19:16:29 MainThread @train.py:69][0m [Train]total_reward: -18, mean_cost: 0.011605338690584744
[32m[09-09 19:16:49 MainThread @train.py:69][0m [Train]total_reward: -19, mean_cost: 0.011807000085635008
[32m[09-09 19:17:09 MainThread @train.py:69][0m [Train]total_reward: -18, mean_cost: 0.011391534711906893
[32m[09-09 19:17:28 MainThread @train.py:69][0m [Train]total_reward: -19, mean_cost: 0.011154155024020682
[32m[09-09 19:17:45 MainThread @train.py:69][0m [Train]total_reward: -19, mean_cost: 0.011240296179533201
[32m[09-09 19:18:05 MainThread @train.py:69][0m [Train]total_reward: -20, mean_cost: 0.011022781616609011
[32m[09-09 19:18:26 MainThread @train.py:69][0m [Train]total_reward: -17, mean_cost: 0.01157684602728921
[32m[09-09 19:18:40 MainThread @train.py:69][0m [Train]total_reward: -20, mean_cost: 0.012460926457101272
[32m[09-09 19:19:00 MainThread @train.py:69][0m [Train]total_reward: -18, mean_cost: 0.011598666029158926
[32m[09-09 19:19:18 MainThread @train.py:69][0m [Train]total_reward: -20, mean_cost: 0.010903627280420904
[32m[09-09 19:19:40 MainThread @train.py:69][0m [Train]total_reward: -16, mean_cost: 0.01116066873219477
[32m[09-09 19:20:06 MainThread @train.py:69][0m [Train]total_reward: -15, mean_cost: 0.01110428792640343
[32m[09-09 19:20:27 MainThread @train.py:69][0m [Train]total_reward: -17, mean_cost: 0.010798213116845673
[32m[09-09 19:20:46 MainThread @train.py:69][0m [Train]total_reward: -18, mean_cost: 0.011363351603608523
[32m[09-09 19:21:07 MainThread @train.py:69][0m [Train]total_reward: -18, mean_cost: 0.013981334548075236
[32m[09-09 19:21:27 MainThread @train.py:69][0m [Train]total_reward: -20, mean_cost: 0.013138923688924739
[32m[09-09 19:21:44 MainThread @train.py:69][0m [Train]total_reward: -18, mean_cost: 0.012967845768635643
[32m[09-09 19:22:00 MainThread @train.py:69][0m [Train]total_reward: -21, mean_cost: 0.012815254381192583
[32m[09-09 19:22:24 MainThread @train.py:69][0m [Train]total_reward: -18, mean_cost: 0.012552459135389372
[32m[09-09 19:22:43 MainThread @train.py:69][0m [Train]total_reward: -18, mean_cost: 0.01225978642128981
[32m[09-09 19:22:58 MainThread @train.py:69][0m [Train]total_reward: -21, mean_cost: 0.012641111770462172
[32m[09-09 19:23:19 MainThread @train.py:69][0m [Train]total_reward: -18, mean_cost: 0.013274857745355487
[32m[09-09 19:23:45 MainThread @train.py:69][0m [Train]total_reward: -17, mean_cost: 0.013086004718974396
[32m[09-09 19:24:14 MainThread @train.py:69][0m [Train]total_reward: -14, mean_cost: 0.012730863982002542
[32m[09-09 19:24:39 MainThread @train.py:69][0m [Train]total_reward: -14, mean_cost: 0.012793436789660289
[32m[09-09 19:24:56 MainThread @train.py:69][0m [Train]total_reward: -19, mean_cost: 0.012854298090319825
[32m[09-09 19:25:21 MainThread @train.py:69][0m [Train]total_reward: -15, mean_cost: 0.012347998485769259
[32m[09-09 19:25:45 MainThread @train.py:69][0m [Train]total_reward: -17, mean_cost: 0.012896149383866977
[32m[09-09 19:26:06 MainThread @train.py:69][0m [Train]total_reward: -19, mean_cost: 0.013029968663744751
[32m[09-09 19:26:29 MainThread @train.py:69][0m [Train]total_reward: -19, mean_cost: 0.013058081278719273
[32m[09-09 19:26:46 MainThread @train.py:69][0m [Train]total_reward: -20, mean_cost: 0.012732566563024222
[32m[09-09 19:27:09 MainThread @train.py:69][0m [Train]total_reward: -18, mean_cost: 0.012462747884565034
[32m[09-09 19:27:33 MainThread @train.py:69][0m [Train]total_reward: -19, mean_cost: 0.012346453586648596
[32m[09-09 19:27:59 MainThread @train.py:69][0m [Train]total_reward: -17, mean_cost: 0.012486765313574006
[32m[09-09 19:28:21 MainThread @train.py:69][0m [Train]total_reward: -18, mean_cost: 0.01340929273795819
[32m[09-09 19:28:45 MainThread @train.py:69][0m [Train]total_reward: -18, mean_cost: 0.013069774873401736
[32m[09-09 19:29:11 MainThread @train.py:69][0m [Train]total_reward: -17, mean_cost: 0.012531685550307292
[32m[09-09 19:29:33 MainThread @train.py:69][0m [Train]total_reward: -18, mean_cost: 0.012613984882736053
[32m[09-09 19:29:58 MainThread @train.py:69][0m [Train]total_reward: -17, mean_cost: 0.012427886595448726
[32m[09-09 19:30:23 MainThread @train.py:69][0m [Train]total_reward: -17, mean_cost: 0.012323577208939382
[32m[09-09 19:30:40 MainThread @train.py:69][0m [Train]total_reward: -20, mean_cost: 0.014107466001684468
[32m[09-09 19:31:06 MainThread @train.py:69][0m [Train]total_reward: -17, mean_cost: 0.013498136558939285
[32m[09-09 19:31:25 MainThread @train.py:69][0m [Train]total_reward: -19, mean_cost: 0.012985833627757376
[32m[09-09 19:31:49 MainThread @train.py:69][0m [Train]total_reward: -17, mean_cost: 0.013660128124886088
[32m[09-09 19:32:10 MainThread @train.py:69][0m [Train]total_reward: -20, mean_cost: 0.01358265843613918
[32m[09-09 19:32:33 MainThread @train.py:69][0m [Train]total_reward: -16, mean_cost: 0.01303355136991499
[32m[09-09 19:32:57 MainThread @train.py:69][0m [Train]total_reward: -19, mean_cost: 0.013792677334767868
[32m[09-09 19:33:19 MainThread @train.py:69][0m [Train]total_reward: -19, mean_cost: 0.014462897786199616
[32m[09-09 19:33:46 MainThread @train.py:69][0m [Train]total_reward: -17, mean_cost: 0.013339690092123217
[32m[09-09 19:34:12 MainThread @train.py:69][0m [Train]total_reward: -17, mean_cost: 0.013340780434430965
[32m[09-09 19:34:37 MainThread @train.py:69][0m [Train]total_reward: -15, mean_cost: 0.01310207468977328
[32m[09-09 19:34:53 MainThread @train.py:69][0m [Train]total_reward: -19, mean_cost: 0.013524587452099127
[32m[09-09 19:35:15 MainThread @train.py:69][0m [Train]total_reward: -19, mean_cost: 0.013375782543330123
[32m[09-09 19:35:39 MainThread @train.py:69][0m [Train]total_reward: -19, mean_cost: 0.014408293725688748
[32m[09-09 19:36:07 MainThread @train.py:69][0m [Train]total_reward: -16, mean_cost: 0.01400684714659276
[32m[09-09 19:36:23 MainThread @train.py:69][0m [Train]total_reward: -19, mean_cost: 0.013179148365136074
[32m[09-09 19:36:41 MainThread @train.py:69][0m [Train]total_reward: -19, mean_cost: 0.013071390798690316
[32m[09-09 19:37:00 MainThread @train.py:69][0m [Train]total_reward: -20, mean_cost: 0.01361401833571996
[32m[09-09 19:37:22 MainThread @train.py:69][0m [Train]total_reward: -18, mean_cost: 0.013443223636282321
[32m[09-09 19:37:46 MainThread @train.py:69][0m [Train]total_reward: -15, mean_cost: 0.013670240563697348
[32m[09-09 19:38:13 MainThread @train.py:69][0m [Train]total_reward: -16, mean_cost: 0.01391563185288037
[32m[09-09 19:38:39 MainThread @train.py:69][0m [Train]total_reward: -14, mean_cost: 0.013284194070602889
[32m[09-09 19:38:54 MainThread @train.py:69][0m [Train]total_reward: -20, mean_cost: 0.013789017182194961
[32m[09-09 19:39:17 MainThread @train.py:69][0m [Train]total_reward: -18, mean_cost: 0.01310758136412064
[32m[09-09 19:39:39 MainThread @train.py:69][0m [Train]total_reward: -15, mean_cost: 0.01335267428264259
[32m[09-09 19:40:07 MainThread @train.py:69][0m [Train]total_reward: -17, mean_cost: 0.01332536047582138
[32m[09-09 19:40:40 MainThread @train.py:69][0m [Train]total_reward: -13, mean_cost: 0.013666856474516249
[32m[09-09 19:41:05 MainThread @train.py:69][0m [Train]total_reward: -19, mean_cost: 0.01346851302396515
[32m[09-09 19:41:27 MainThread @train.py:69][0m [Train]total_reward: -20, mean_cost: 0.013663823307315642
[32m[09-09 19:41:49 MainThread @train.py:69][0m [Train]total_reward: -18, mean_cost: 0.012855432524201385
[32m[09-09 19:42:16 MainThread @train.py:69][0m [Train]total_reward: -16, mean_cost: 0.013344420706853271
[32m[09-09 19:42:40 MainThread @train.py:69][0m [Train]total_reward: -15, mean_cost: 0.013475974936736747
[32m[09-09 19:43:08 MainThread @train.py:69][0m [Train]total_reward: -14, mean_cost: 0.013739709755441991
[32m[09-09 19:43:31 MainThread @train.py:69][0m [Train]total_reward: -16, mean_cost: 0.013457619000367725
[32m[09-09 19:43:55 MainThread @train.py:69][0m [Train]total_reward: -15, mean_cost: 0.013531143264397262
[32m[09-09 19:44:26 MainThread @train.py:69][0m [Train]total_reward: -12, mean_cost: 0.013270022459689853
[32m[09-09 19:44:53 MainThread @train.py:69][0m [Train]total_reward: -14, mean_cost: 0.013178040515631437
[32m[09-09 19:45:17 MainThread @train.py:69][0m [Train]total_reward: -17, mean_cost: 0.01485055339603255
[32m[09-09 19:45:37 MainThread @train.py:69][0m [Train]total_reward: -19, mean_cost: 0.014029134891640682
[32m[09-09 19:46:05 MainThread @train.py:69][0m [Train]total_reward: -14, mean_cost: 0.014110660903526018
[32m[09-09 19:46:28 MainThread @train.py:69][0m [Train]total_reward: -18, mean_cost: 0.014322367832554798
[32m[09-09 19:46:51 MainThread @train.py:69][0m [Train]total_reward: -17, mean_cost: 0.014191345280007074
[32m[09-09 19:47:13 MainThread @train.py:69][0m [Train]total_reward: -16, mean_cost: 0.014066475783930282
[32m[09-09 19:47:39 MainThread @train.py:69][0m [Train]total_reward: -17, mean_cost: 0.013799651049835904
[32m[09-09 19:48:08 MainThread @train.py:69][0m [Train]total_reward: -19, mean_cost: 0.012360267315486098
[32m[09-09 19:48:36 MainThread @train.py:69][0m [Train]total_reward: -13, mean_cost: 0.012516160401456217
[32m[09-09 19:49:03 MainThread @train.py:69][0m [Train]total_reward: -17, mean_cost: 0.012566343619711113
[32m[09-09 19:49:36 MainThread @train.py:69][0m [Train]total_reward: -15, mean_cost: 0.012345650969565131
[32m[09-09 19:50:07 MainThread @train.py:69][0m [Train]total_reward: -13, mean_cost: 0.012533841639434775
[32m[09-09 19:50:36 MainThread @train.py:69][0m [Train]total_reward: -16, mean_cost: 0.012156283766598644
[32m[09-09 19:51:00 MainThread @train.py:69][0m [Train]total_reward: -16, mean_cost: 0.011334441603397144
[32m[09-09 19:51:30 MainThread @train.py:69][0m [Train]total_reward: -11, mean_cost: 0.01138600606067353
[32m[09-09 19:51:56 MainThread @train.py:69][0m [Train]total_reward: -18, mean_cost: 0.011312691138634338
[32m[09-09 19:52:25 MainThread @train.py:69][0m [Train]total_reward: -20, mean_cost: 0.011435426439162451
[32m[09-09 19:52:44 MainThread @train.py:69][0m [Train]total_reward: -20, mean_cost: 0.012042790906637258
[32m[09-09 19:53:09 MainThread @train.py:69][0m [Train]total_reward: -16, mean_cost: 0.012040045454006724
[32m[09-09 19:53:39 MainThread @train.py:69][0m [Train]total_reward: -15, mean_cost: 0.011598775422988603
[32m[09-09 19:54:13 MainThread @train.py:69][0m [Train]total_reward: -13, mean_cost: 0.011606187706790361
[32m[09-09 19:54:43 MainThread @train.py:69][0m [Train]total_reward: -16, mean_cost: 0.011331479322628766
[32m[09-09 19:55:11 MainThread @train.py:69][0m [Train]total_reward: -19, mean_cost: 0.011057518931403568
[32m[09-09 19:55:42 MainThread @train.py:69][0m [Train]total_reward: -18, mean_cost: 0.012426429732222128
[32m[09-09 19:56:18 MainThread @train.py:69][0m [Train]total_reward: -15, mean_cost: 0.011005582274602993
[32m[09-09 19:56:54 MainThread @train.py:69][0m [Train]total_reward: -15, mean_cost: 0.011682215860734384
[32m[09-09 19:57:30 MainThread @train.py:69][0m [Train]total_reward: -13, mean_cost: 0.011937969840801088
[32m[09-09 19:57:58 MainThread @train.py:69][0m [Train]total_reward: -20, mean_cost: 0.011449121277222467
[32m[09-09 19:58:35 MainThread @train.py:69][0m [Train]total_reward: -14, mean_cost: 0.011944170848594284
[32m[09-09 19:59:07 MainThread @train.py:69][0m [Train]total_reward: -16, mean_cost: 0.01171150372279688
[32m[09-09 19:59:37 MainThread @train.py:69][0m [Train]total_reward: -15, mean_cost: 0.011108994625670754
[32m[09-09 20:00:15 MainThread @train.py:69][0m [Train]total_reward: -16, mean_cost: 0.010920776539933286
[32m[09-09 20:00:48 MainThread @train.py:69][0m [Train]total_reward: -16, mean_cost: 0.011002468272941891
[32m[09-09 20:01:18 MainThread @train.py:69][0m [Train]total_reward: -15, mean_cost: 0.011148776541654002
[32m[09-09 20:01:56 MainThread @train.py:69][0m [Train]total_reward: -17, mean_cost: 0.01123591346979559
[32m[09-09 20:02:29 MainThread @train.py:69][0m [Train]total_reward: -18, mean_cost: 0.0110981935604364
[32m[09-09 20:02:57 MainThread @train.py:69][0m [Train]total_reward: -16, mean_cost: 0.011519801674322004
[32m[09-09 20:03:28 MainThread @train.py:69][0m [Train]total_reward: -16, mean_cost: 0.01086115892754298
[32m[09-09 20:04:08 MainThread @train.py:69][0m [Train]total_reward: -14, mean_cost: 0.011123944668716114
[32m[09-09 20:05:12 MainThread @train.py:139][0m eval_agent done, (steps, eval_reward): (600183, -2.6666666666666665)
[32m[09-09 20:05:45 MainThread @train.py:69][0m [Train]total_reward: -20, mean_cost: 0.011716918725666011
[32m[09-09 20:06:15 MainThread @train.py:69][0m [Train]total_reward: -17, mean_cost: 0.011372090129428209
[32m[09-09 20:07:03 MainThread @train.py:69][0m [Train]total_reward: -6, mean_cost: 0.01125116195516582
[32m[09-09 20:07:45 MainThread @train.py:69][0m [Train]total_reward: -12, mean_cost: 0.010775394650927868
[32m[09-09 20:08:14 MainThread @train.py:69][0m [Train]total_reward: -16, mean_cost: 0.011446143091405864
[32m[09-09 20:08:54 MainThread @train.py:69][0m [Train]total_reward: -13, mean_cost: 0.010833723248418319
[32m[09-09 20:09:31 MainThread @train.py:69][0m [Train]total_reward: -16, mean_cost: 0.010699821276671535
[32m[09-09 20:10:10 MainThread @train.py:69][0m [Train]total_reward: -17, mean_cost: 0.01071430967667061
[32m[09-09 20:10:54 MainThread @train.py:69][0m [Train]total_reward: -13, mean_cost: 0.010649551151597093
[32m[09-09 20:11:46 MainThread @train.py:69][0m [Train]total_reward: -8, mean_cost: 0.01076764861853054
[32m[09-09 20:12:29 MainThread @train.py:69][0m [Train]total_reward: -11, mean_cost: 0.010456373021370877
[32m[09-09 20:13:09 MainThread @train.py:69][0m [Train]total_reward: -14, mean_cost: 0.010281614200676846
[32m[09-09 20:13:45 MainThread @train.py:69][0m [Train]total_reward: -17, mean_cost: 0.010261170491037414
[32m[09-09 20:14:42 MainThread @train.py:69][0m [Train]total_reward: -10, mean_cost: 0.011619226334302237
[32m[09-09 20:15:14 MainThread @train.py:69][0m [Train]total_reward: -16, mean_cost: 0.011559710907859141
[32m[09-09 20:16:06 MainThread @train.py:69][0m [Train]total_reward: -13, mean_cost: 0.011279355865528378
[32m[09-09 20:16:58 MainThread @train.py:69][0m [Train]total_reward: -16, mean_cost: 0.01128090997589938
[32m[09-09 20:17:41 MainThread @train.py:69][0m [Train]total_reward: -16, mean_cost: 0.011244944479102329
[32m[09-09 20:18:08 MainThread @train.py:69][0m [Train]total_reward: -20, mean_cost: 0.011249828485872698
[32m[09-09 20:18:52 MainThread @train.py:69][0m [Train]total_reward: -14, mean_cost: 0.011214350633755593
[32m[09-09 20:19:26 MainThread @train.py:69][0m [Train]total_reward: -15, mean_cost: 0.01077341608918057
[32m[09-09 20:19:56 MainThread @train.py:69][0m [Train]total_reward: -18, mean_cost: 0.01045183081004428
[32m[09-09 20:20:41 MainThread @train.py:69][0m [Train]total_reward: -13, mean_cost: 0.010405955972026818
[32m[09-09 20:21:31 MainThread @train.py:69][0m [Train]total_reward: -13, mean_cost: 0.010586148529546336
[32m[09-09 20:22:26 MainThread @train.py:69][0m [Train]total_reward: -10, mean_cost: 0.010015506302780383
[32m[09-09 20:23:10 MainThread @train.py:69][0m [Train]total_reward: -12, mean_cost: 0.010067494453962994
[32m[09-09 20:23:53 MainThread @train.py:69][0m [Train]total_reward: -9, mean_cost: 0.010158881145984209
[32m[09-09 20:24:23 MainThread @train.py:69][0m [Train]total_reward: -16, mean_cost: 0.010523509300167757
[32m[09-09 20:25:05 MainThread @train.py:69][0m [Train]total_reward: -17, mean_cost: 0.009440332513703551
[32m[09-09 20:25:44 MainThread @train.py:69][0m [Train]total_reward: -13, mean_cost: 0.009713357015790042
[32m[09-09 20:26:22 MainThread @train.py:69][0m [Train]total_reward: -16, mean_cost: 0.009341848305024755
[32m[09-09 20:27:12 MainThread @train.py:69][0m [Train]total_reward: -8, mean_cost: 0.009564651671141918
[32m[09-09 20:27:59 MainThread @train.py:69][0m [Train]total_reward: -10, mean_cost: 0.009216626649554789
[32m[09-09 20:28:42 MainThread @train.py:69][0m [Train]total_reward: -13, mean_cost: 0.009203454217389355
[32m[09-09 20:29:27 MainThread @train.py:69][0m [Train]total_reward: -13, mean_cost: 0.009132580108140127
[32m[09-09 20:30:05 MainThread @train.py:69][0m [Train]total_reward: -15, mean_cost: 0.009031382293857648
[32m[09-09 20:30:48 MainThread @train.py:69][0m [Train]total_reward: -10, mean_cost: 0.009494841614505277
[32m[09-09 20:31:27 MainThread @train.py:69][0m [Train]total_reward: -14, mean_cost: 0.009420568939019864
[32m[09-09 20:32:08 MainThread @train.py:69][0m [Train]total_reward: -10, mean_cost: 0.009103296742073334
[32m[09-09 20:32:48 MainThread @train.py:69][0m [Train]total_reward: -14, mean_cost: 0.009103589027572396
[32m[09-09 20:33:26 MainThread @train.py:69][0m [Train]total_reward: -12, mean_cost: 0.009348240724702445
[32m[09-09 20:34:08 MainThread @train.py:69][0m [Train]total_reward: -12, mean_cost: 0.009403965752493559
[32m[09-09 20:34:48 MainThread @train.py:69][0m [Train]total_reward: -12, mean_cost: 0.008885021147655388
[32m[09-09 20:35:24 MainThread @train.py:69][0m [Train]total_reward: -10, mean_cost: 0.008910333296783559
[32m[09-09 20:36:15 MainThread @train.py:69][0m [Train]total_reward: -11, mean_cost: 0.009357252624208797
[32m[09-09 20:36:57 MainThread @train.py:69][0m [Train]total_reward: -12, mean_cost: 0.009107588961205537
[32m[09-09 20:38:03 MainThread @train.py:69][0m [Train]total_reward: -4, mean_cost: 0.008970482987671122
[32m[09-09 20:38:51 MainThread @train.py:69][0m [Train]total_reward: -14, mean_cost: 0.008821440446959103
[32m[09-09 20:39:37 MainThread @train.py:69][0m [Train]total_reward: -8, mean_cost: 0.009236752856686974
[32m[09-09 20:40:20 MainThread @train.py:69][0m [Train]total_reward: -13, mean_cost: 0.009024057956590848
[32m[09-09 20:41:08 MainThread @train.py:69][0m [Train]total_reward: -15, mean_cost: 0.00888074292043865
[32m[09-09 20:41:52 MainThread @train.py:69][0m [Train]total_reward: -14, mean_cost: 0.008640658883618473
[32m[09-09 20:42:43 MainThread @train.py:69][0m [Train]total_reward: -11, mean_cost: 0.008615584595072018
[32m[09-09 20:43:50 MainThread @train.py:69][0m [Train]total_reward: -2, mean_cost: 0.0086650658945222
[32m[09-09 20:44:40 MainThread @train.py:69][0m [Train]total_reward: -12, mean_cost: 0.008484724328697514
[32m[09-09 20:45:26 MainThread @train.py:69][0m [Train]total_reward: -10, mean_cost: 0.0084718157283896
[32m[09-09 20:46:23 MainThread @train.py:69][0m [Train]total_reward: -9, mean_cost: 0.008741878501149183
[32m[09-09 20:47:08 MainThread @train.py:69][0m [Train]total_reward: -12, mean_cost: 0.008322056561525239
[32m[09-09 20:48:08 MainThread @train.py:69][0m [Train]total_reward: -3, mean_cost: 0.008109678030106707
[32m[09-09 20:48:49 MainThread @train.py:69][0m [Train]total_reward: -14, mean_cost: 0.00844551883708223
[32m[09-09 20:49:50 MainThread @train.py:69][0m [Train]total_reward: -5, mean_cost: 0.008273362507524322
[32m[09-09 20:50:59 MainThread @train.py:69][0m [Train]total_reward: -2, mean_cost: 0.008218366746063398
[32m[09-09 20:51:48 MainThread @train.py:69][0m [Train]total_reward: -8, mean_cost: 0.00846445454711405
[32m[09-09 20:52:41 MainThread @train.py:69][0m [Train]total_reward: -11, mean_cost: 0.009101370878963042
[32m[09-09 20:53:30 MainThread @train.py:69][0m [Train]total_reward: -8, mean_cost: 0.00878025345982639
[32m[09-09 20:54:19 MainThread @train.py:69][0m [Train]total_reward: -10, mean_cost: 0.008682501813616095
[32m[09-09 20:55:10 MainThread @train.py:69][0m [Train]total_reward: -9, mean_cost: 0.008939774486589436
[32m[09-09 20:56:01 MainThread @train.py:69][0m [Train]total_reward: -10, mean_cost: 0.009128258984890721
[32m[09-09 20:56:54 MainThread @train.py:69][0m [Train]total_reward: -10, mean_cost: 0.008923709382932183
[32m[09-09 20:58:12 MainThread @train.py:69][0m [Train]total_reward: -2, mean_cost: 0.008918078496540994
[32m[09-09 20:59:09 MainThread @train.py:69][0m [Train]total_reward: -7, mean_cost: 0.009078071626220981
[32m[09-09 21:00:03 MainThread @train.py:69][0m [Train]total_reward: -9, mean_cost: 0.008892383264757234
[32m[09-09 21:00:56 MainThread @train.py:69][0m [Train]total_reward: -5, mean_cost: 0.008646964453224352
[32m[09-09 21:01:56 MainThread @train.py:69][0m [Train]total_reward: -10, mean_cost: 0.009543282909591076
[32m[09-09 21:03:02 MainThread @train.py:69][0m [Train]total_reward: -4, mean_cost: 0.009366545579458001
[32m[09-09 21:03:50 MainThread @train.py:69][0m [Train]total_reward: -5, mean_cost: 0.009329838077909693
[32m[09-09 21:04:29 MainThread @train.py:69][0m [Train]total_reward: -12, mean_cost: 0.00973520965658074
[32m[09-09 21:05:22 MainThread @train.py:69][0m [Train]total_reward: -8, mean_cost: 0.009824462345801295
[32m[09-09 21:06:24 MainThread @train.py:69][0m [Train]total_reward: -7, mean_cost: 0.009462965160498358
[32m[09-09 21:07:25 MainThread @train.py:69][0m [Train]total_reward: -4, mean_cost: 0.009149012803802934
[32m[09-09 21:07:51 MainThread @train.py:139][0m eval_agent done, (steps, eval_reward): (800813, 20.333333333333332)
[32m[09-09 21:08:50 MainThread @train.py:69][0m [Train]total_reward: -5, mean_cost: 0.008980411812992048
[32m[09-09 21:09:51 MainThread @train.py:69][0m [Train]total_reward: 1, mean_cost: 0.009041415620808579
[32m[09-09 21:10:46 MainThread @train.py:69][0m [Train]total_reward: 3, mean_cost: 0.008998981291884462
[32m[09-09 21:11:39 MainThread @train.py:69][0m [Train]total_reward: -8, mean_cost: 0.009744779503432242
[32m[09-09 21:12:27 MainThread @train.py:69][0m [Train]total_reward: -9, mean_cost: 0.009310319619608327
[32m[09-09 21:13:24 MainThread @train.py:69][0m [Train]total_reward: -6, mean_cost: 0.009356224378760014
[32m[09-09 21:14:33 MainThread @train.py:69][0m [Train]total_reward: -2, mean_cost: 0.010383560139252651
[32m[09-09 21:15:15 MainThread @train.py:69][0m [Train]total_reward: -12, mean_cost: 0.009855918311928906
[32m[09-09 21:16:02 MainThread @train.py:69][0m [Train]total_reward: -10, mean_cost: 0.009922666931569363
[32m[09-09 21:17:09 MainThread @train.py:69][0m [Train]total_reward: -3, mean_cost: 0.010447952666168738
[32m[09-09 21:18:13 MainThread @train.py:69][0m [Train]total_reward: -4, mean_cost: 0.010535810563244862
[32m[09-09 21:19:10 MainThread @train.py:69][0m [Train]total_reward: -6, mean_cost: 0.010282530921000626
[32m[09-09 21:20:13 MainThread @train.py:69][0m [Train]total_reward: -2, mean_cost: 0.010935796535821683
[32m[09-09 21:21:12 MainThread @train.py:69][0m [Train]total_reward: -5, mean_cost: 0.011011013054542076
[32m[09-09 21:22:05 MainThread @train.py:69][0m [Train]total_reward: 9, mean_cost: 0.01095285903712785
[32m[09-09 21:23:01 MainThread @train.py:69][0m [Train]total_reward: 7, mean_cost: 0.010733149743326885
[32m[09-09 21:23:57 MainThread @train.py:69][0m [Train]total_reward: -4, mean_cost: 0.010271525069753488
[32m[09-09 21:24:46 MainThread @train.py:69][0m [Train]total_reward: -7, mean_cost: 0.009865781669158797
[32m[09-09 21:25:41 MainThread @train.py:69][0m [Train]total_reward: 3, mean_cost: 0.009716919509776333
[32m[09-09 21:26:43 MainThread @train.py:69][0m [Train]total_reward: 5, mean_cost: 0.01036371487519152
[32m[09-09 21:27:37 MainThread @train.py:69][0m [Train]total_reward: 7, mean_cost: 0.009989775660862397
[32m[09-09 21:28:32 MainThread @train.py:69][0m [Train]total_reward: -7, mean_cost: 0.010309797323821174
[32m[09-09 21:29:32 MainThread @train.py:69][0m [Train]total_reward: 4, mean_cost: 0.009798601937687848
[32m[09-09 21:30:36 MainThread @train.py:69][0m [Train]total_reward: 4, mean_cost: 0.009416064903529682
[32m[09-09 21:31:42 MainThread @train.py:69][0m [Train]total_reward: 2, mean_cost: 0.009520835432767886
[32m[09-09 21:32:33 MainThread @train.py:69][0m [Train]total_reward: -6, mean_cost: 0.009340046267611665
[32m[09-09 21:33:38 MainThread @train.py:69][0m [Train]total_reward: -3, mean_cost: 0.0089821778212512
[32m[09-09 21:34:25 MainThread @train.py:69][0m [Train]total_reward: -11, mean_cost: 0.008952860272759686
[32m[09-09 21:35:15 MainThread @train.py:69][0m [Train]total_reward: 8, mean_cost: 0.00918486009338509
[32m[09-09 21:36:30 MainThread @train.py:69][0m [Train]total_reward: -1, mean_cost: 0.008977840059540339
[32m[09-09 21:37:21 MainThread @train.py:69][0m [Train]total_reward: 10, mean_cost: 0.008833583011557613
[32m[09-09 21:38:19 MainThread @train.py:69][0m [Train]total_reward: 1, mean_cost: 0.008960507126560189
[32m[09-09 21:39:08 MainThread @train.py:69][0m [Train]total_reward: 9, mean_cost: 0.008601787193890485
[32m[09-09 21:40:02 MainThread @train.py:69][0m [Train]total_reward: -5, mean_cost: 0.008115893412938937
[32m[09-09 21:40:54 MainThread @train.py:69][0m [Train]total_reward: 10, mean_cost: 0.008291596820805784
[32m[09-09 21:41:49 MainThread @train.py:69][0m [Train]total_reward: 3, mean_cost: 0.008900278362357083
[32m[09-09 21:42:46 MainThread @train.py:69][0m [Train]total_reward: 7, mean_cost: 0.008709922672478833
[32m[09-09 21:43:41 MainThread @train.py:69][0m [Train]total_reward: 4, mean_cost: 0.008589663863609804
[32m[09-09 21:44:43 MainThread @train.py:69][0m [Train]total_reward: 6, mean_cost: 0.008767430611543305
[32m[09-09 21:45:46 MainThread @train.py:69][0m [Train]total_reward: -1, mean_cost: 0.008541779649852104
[32m[09-09 21:46:45 MainThread @train.py:69][0m [Train]total_reward: 6, mean_cost: 0.008292264455726986
[32m[09-09 21:47:46 MainThread @train.py:69][0m [Train]total_reward: 9, mean_cost: 0.008720812432743101
[32m[09-09 21:48:27 MainThread @train.py:69][0m [Train]total_reward: 14, mean_cost: 0.00848086276445302
[32m[09-09 21:49:24 MainThread @train.py:69][0m [Train]total_reward: 4, mean_cost: 0.008626785707308508
[32m[09-09 21:50:27 MainThread @train.py:69][0m [Train]total_reward: 4, mean_cost: 0.008640487788164196
[32m[09-09 21:51:23 MainThread @train.py:69][0m [Train]total_reward: 10, mean_cost: 0.008751896596641853
[32m[09-09 21:52:15 MainThread @train.py:69][0m [Train]total_reward: 11, mean_cost: 0.008250966032464353
[32m[09-09 21:53:11 MainThread @train.py:69][0m [Train]total_reward: 7, mean_cost: 0.008264773542791747
[32m[09-09 21:53:56 MainThread @train.py:69][0m [Train]total_reward: 15, mean_cost: 0.007993495767582053
[32m[09-09 21:54:48 MainThread @train.py:69][0m [Train]total_reward: 14, mean_cost: 0.007672148443359349
[32m[09-09 21:55:30 MainThread @train.py:69][0m [Train]total_reward: 15, mean_cost: 0.007594280699561057
[32m[09-09 21:56:18 MainThread @train.py:69][0m [Train]total_reward: 13, mean_cost: 0.008281156890949265
[32m[09-09 21:57:06 MainThread @train.py:69][0m [Train]total_reward: 12, mean_cost: 0.008382266420496052
[32m[09-09 21:57:45 MainThread @train.py:69][0m [Train]total_reward: 16, mean_cost: 0.007952324751821086
[32m[09-09 21:58:33 MainThread @train.py:69][0m [Train]total_reward: 11, mean_cost: 0.007751042741864663
[32m[09-09 21:59:14 MainThread @train.py:69][0m [Train]total_reward: 15, mean_cost: 0.0076912262230114155
[32m[09-09 21:59:51 MainThread @train.py:69][0m [Train]total_reward: 18, mean_cost: 0.008214819784455511
[32m[09-09 22:00:34 MainThread @train.py:69][0m [Train]total_reward: 15, mean_cost: 0.007938685385079714
[32m[09-09 22:01:14 MainThread @train.py:69][0m [Train]total_reward: 15, mean_cost: 0.007710901029129922
[32m[09-09 22:02:11 MainThread @train.py:69][0m [Train]total_reward: 5, mean_cost: 0.007836391988954952
[32m[09-09 22:02:52 MainThread @train.py:69][0m [Train]total_reward: 14, mean_cost: 0.007980439490579081
[32m[09-09 22:03:36 MainThread @train.py:69][0m [Train]total_reward: 13, mean_cost: 0.007727064862910149
[32m[09-09 22:04:14 MainThread @train.py:69][0m [Train]total_reward: 13, mean_cost: 0.007579358589226523
[32m[09-09 22:05:04 MainThread @train.py:69][0m [Train]total_reward: 9, mean_cost: 0.007540328325461283
[32m[09-09 22:06:15 MainThread @train.py:69][0m [Train]total_reward: 1, mean_cost: 0.007746484917906372
[32m[09-09 22:06:48 MainThread @train.py:69][0m [Train]total_reward: 20, mean_cost: 0.00784676454618181
[32m[09-09 22:07:38 MainThread @train.py:69][0m [Train]total_reward: 13, mean_cost: 0.007686199439275596
[32m[09-09 22:08:21 MainThread @train.py:69][0m [Train]total_reward: 16, mean_cost: 0.006931075844495324
[32m[09-09 22:08:53 MainThread @train.py:69][0m [Train]total_reward: 19, mean_cost: 0.007431736351192371
[32m[09-09 22:09:47 MainThread @train.py:139][0m eval_agent done, (steps, eval_reward): (1000070, 7.666666666666667)
[32m[09-09 22:10:39 MainThread @train.py:69][0m [Train]total_reward: 12, mean_cost: 0.007436124044206638
[32m[09-09 22:11:23 MainThread @train.py:69][0m [Train]total_reward: 14, mean_cost: 0.00716864802834667
[32m[09-09 22:12:05 MainThread @train.py:69][0m [Train]total_reward: 14, mean_cost: 0.007078618745753732
[32m[09-09 22:12:54 MainThread @train.py:69][0m [Train]total_reward: 12, mean_cost: 0.007139986567621918
